<?xml version="1.0" encoding="UTF-8"?>
<!-- Generated by org.testng.reporters.JUnitXMLReporter -->
<testsuite hostname="DESKTOP-D1233BU" ignored="0" name="Default test" tests="3" failures="0" timestamp="2021-09-17T15:40:47 IST" time="50.345" errors="0">
  <testcase name="testInvalidLogin" time="20.34" classname="com.actitime.test.InvalidLogin2"/>
  <testcase name="testInvalidLogin" time="15.663" classname="com.actitime.test.InvalidLogin2"/>
  <testcase name="testInvalidLogin" time="14.284" classname="com.actitime.test.InvalidLogin2"/>
</testsuite> <!-- Default test -->
