<?xml version="1.0" encoding="UTF-8"?>
<!-- Generated by org.testng.reporters.JUnitXMLReporter -->
<testsuite hostname="DESKTOP-D1233BU" ignored="0" name="Test" tests="4" failures="0" timestamp="2021-09-15T09:53:50 IST" time="0.052" errors="0">
  <testcase name="deleteCustomer" time="0.005" classname="com.actitime.test.Customer$Module"/>
  <testcase name="editCustomer" time="0.0" classname="com.actitime.test.Customer$Module"/>
  <testcase name="editCustomer" time="0.0" classname="com.actitime.test.Customer$Module"/>
  <testcase name="registerCustomer" time="0.0" classname="com.actitime.test.Customer$Module"/>
</testsuite> <!-- Test -->
