<?xml version="1.0" encoding="UTF-8"?>
<testng-results skipped="0" failed="0" ignored="0" total="3" passed="3">
  <reporter-output>
  </reporter-output>
  <suite name="Default suite" duration-ms="50345" started-at="2021-09-17T15:39:56 IST" finished-at="2021-09-17T15:40:46 IST">
    <groups>
    </groups>
    <test name="Default test" duration-ms="50345" started-at="2021-09-17T15:39:56 IST" finished-at="2021-09-17T15:40:46 IST">
      <class name="com.actitime.test.InvalidLogin2">
        <test-method status="PASS" signature="testInvalidLogin()[pri:0, instance:com.actitime.test.InvalidLogin2@711f39f9]" name="testInvalidLogin" duration-ms="20340" started-at="2021-09-17T15:39:56 IST" finished-at="2021-09-17T15:40:17 IST">
          <reporter-output>
          </reporter-output>
        </test-method> <!-- testInvalidLogin -->
        <test-method status="PASS" signature="testInvalidLogin()[pri:0, instance:com.actitime.test.InvalidLogin2@711f39f9]" name="testInvalidLogin" duration-ms="15663" started-at="2021-09-17T15:40:17 IST" finished-at="2021-09-17T15:40:32 IST">
          <reporter-output>
          </reporter-output>
        </test-method> <!-- testInvalidLogin -->
        <test-method status="PASS" signature="testInvalidLogin()[pri:0, instance:com.actitime.test.InvalidLogin2@711f39f9]" name="testInvalidLogin" duration-ms="14284" started-at="2021-09-17T15:40:32 IST" finished-at="2021-09-17T15:40:46 IST">
          <reporter-output>
          </reporter-output>
        </test-method> <!-- testInvalidLogin -->
      </class> <!-- com.actitime.test.InvalidLogin2 -->
    </test> <!-- Default test -->
  </suite> <!-- Default suite -->
</testng-results>
